2016:04:29 17:46:44.024 INFO  --- [main] app.App : Starting App on SEOBI-DEV with PID 12764 (C:\Dev\workSpace_ktTR\SpringBoot\target\classes started by seobi-dev in C:\Dev\workSpace_ktTR\SpringBoot) 
2016:04:29 17:46:44.047 INFO  --- [main] app.App : No active profile set, falling back to default profiles: default 
2016:04:29 17:46:44.619 INFO  --- [main] o.s.b.c.e.AnnotationConfigEmbeddedWebApplicationContext : Refreshing org.springframework.boot.context.embedded.AnnotationConfigEmbeddedWebApplicationContext@18183b5d: startup date [Fri Apr 29 17:46:44 KST 2016]; root of context hierarchy 
2016:04:29 17:46:46.778 INFO  --- [main] o.s.b.f.s.DefaultListableBeanFactory : Overriding bean definition for bean 'beanNameViewResolver' with a different definition: replacing [Root bean: class [null]; scope=; abstract=false; lazyInit=false; autowireMode=3; dependencyCheck=0; autowireCandidate=true; primary=false; factoryBeanName=org.springframework.boot.autoconfigure.web.ErrorMvcAutoConfiguration$WhitelabelErrorViewConfiguration; factoryMethodName=beanNameViewResolver; initMethodName=null; destroyMethodName=(inferred); defined in class path resource [org/springframework/boot/autoconfigure/web/ErrorMvcAutoConfiguration$WhitelabelErrorViewConfiguration.class]] with [Root bean: class [null]; scope=; abstract=false; lazyInit=false; autowireMode=3; dependencyCheck=0; autowireCandidate=true; primary=false; factoryBeanName=org.springframework.boot.autoconfigure.web.WebMvcAutoConfiguration$WebMvcAutoConfigurationAdapter; factoryMethodName=beanNameViewResolver; initMethodName=null; destroyMethodName=(inferred); defined in class path resource [org/springframework/boot/autoconfigure/web/WebMvcAutoConfiguration$WebMvcAutoConfigurationAdapter.class]] 
2016:04:29 17:46:48.837 INFO  --- [main] o.s.b.c.e.t.TomcatEmbeddedServletContainer : Tomcat initialized with port(s): 8080 (http) 
2016:04:29 17:46:48.879 INFO  --- [main] o.a.catalina.core.StandardService : Starting service Tomcat 
2016:04:29 17:46:48.883 INFO  --- [main] o.a.catalina.core.StandardEngine : Starting Servlet Engine: Apache Tomcat/8.0.32 
2016:04:29 17:46:49.518 INFO  --- [localhost-startStop-1] o.a.c.c.C.[Tomcat].[localhost].[/] : Initializing Spring embedded WebApplicationContext 
2016:04:29 17:46:49.519 INFO  --- [localhost-startStop-1] o.s.web.context.ContextLoader : Root WebApplicationContext: initialization completed in 4900 ms 
2016:04:29 17:46:50.448 INFO  --- [localhost-startStop-1] o.s.b.c.e.ServletRegistrationBean : Mapping servlet: 'dispatcherServlet' to [/] 
2016:04:29 17:46:50.455 INFO  --- [localhost-startStop-1] o.s.b.c.e.FilterRegistrationBean : Mapping filter: 'metricFilter' to: [/*] 
2016:04:29 17:46:50.457 INFO  --- [localhost-startStop-1] o.s.b.c.e.FilterRegistrationBean : Mapping filter: 'characterEncodingFilter' to: [/*] 
2016:04:29 17:46:50.458 INFO  --- [localhost-startStop-1] o.s.b.c.e.FilterRegistrationBean : Mapping filter: 'hiddenHttpMethodFilter' to: [/*] 
2016:04:29 17:46:50.458 INFO  --- [localhost-startStop-1] o.s.b.c.e.FilterRegistrationBean : Mapping filter: 'httpPutFormContentFilter' to: [/*] 
2016:04:29 17:46:50.459 INFO  --- [localhost-startStop-1] o.s.b.c.e.FilterRegistrationBean : Mapping filter: 'requestContextFilter' to: [/*] 
2016:04:29 17:46:50.459 INFO  --- [localhost-startStop-1] o.s.b.c.e.FilterRegistrationBean : Mapping filter: 'webRequestLoggingFilter' to: [/*] 
2016:04:29 17:46:50.466 INFO  --- [localhost-startStop-1] o.s.b.c.e.FilterRegistrationBean : Mapping filter: 'applicationContextIdFilter' to: [/*] 
2016:04:29 17:46:50.936 INFO  --- [main] o.s.w.s.m.m.a.RequestMappingHandlerAdapter : Looking for @ControllerAdvice: org.springframework.boot.context.embedded.AnnotationConfigEmbeddedWebApplicationContext@18183b5d: startup date [Fri Apr 29 17:46:44 KST 2016]; root of context hierarchy 
2016:04:29 17:46:51.200 INFO  --- [main] o.s.w.s.m.m.a.RequestMappingHandlerMapping : Mapped "{[/error]}" onto public org.springframework.http.ResponseEntity<java.util.Map<java.lang.String, java.lang.Object>> org.springframework.boot.autoconfigure.web.BasicErrorController.error(javax.servlet.http.HttpServletRequest) 
2016:04:29 17:46:51.203 INFO  --- [main] o.s.w.s.m.m.a.RequestMappingHandlerMapping : Mapped "{[/error],produces=[text/html]}" onto public org.springframework.web.servlet.ModelAndView org.springframework.boot.autoconfigure.web.BasicErrorController.errorHtml(javax.servlet.http.HttpServletRequest,javax.servlet.http.HttpServletResponse) 
2016:04:29 17:46:51.345 INFO  --- [main] o.s.w.s.h.SimpleUrlHandlerMapping : Mapped URL path [/webjars/**] onto handler of type [class org.springframework.web.servlet.resource.ResourceHttpRequestHandler] 
2016:04:29 17:46:51.348 INFO  --- [main] o.s.w.s.h.SimpleUrlHandlerMapping : Mapped URL path [/**] onto handler of type [class org.springframework.web.servlet.resource.ResourceHttpRequestHandler] 
2016:04:29 17:46:51.473 INFO  --- [main] o.s.w.s.h.SimpleUrlHandlerMapping : Mapped URL path [/**/favicon.ico] onto handler of type [class org.springframework.web.servlet.resource.ResourceHttpRequestHandler] 
2016:04:29 17:46:51.747 INFO  --- [main] o.s.b.a.a.ShellProperties$SimpleAuthenticationProperties : 

Using default password for shell access: b9228389-4203-4e4f-8448-7c620be9013a

 
2016:04:29 17:46:56.275 INFO  --- [main] o.s.b.a.e.m.EndpointHandlerMapping : Mapped "{[/dump || /dump.json],methods=[GET],produces=[application/json]}" onto public java.lang.Object org.springframework.boot.actuate.endpoint.mvc.EndpointMvcAdapter.invoke() 
2016:04:29 17:46:56.277 INFO  --- [main] o.s.b.a.e.m.EndpointHandlerMapping : Mapped "{[/health || /health.json],produces=[application/json]}" onto public java.lang.Object org.springframework.boot.actuate.endpoint.mvc.HealthMvcEndpoint.invoke(java.security.Principal) 
2016:04:29 17:46:56.280 INFO  --- [main] o.s.b.a.e.m.EndpointHandlerMapping : Mapped "{[/mappings || /mappings.json],methods=[GET],produces=[application/json]}" onto public java.lang.Object org.springframework.boot.actuate.endpoint.mvc.EndpointMvcAdapter.invoke() 
2016:04:29 17:46:56.283 INFO  --- [main] o.s.b.a.e.m.EndpointHandlerMapping : Mapped "{[/configprops || /configprops.json],methods=[GET],produces=[application/json]}" onto public java.lang.Object org.springframework.boot.actuate.endpoint.mvc.EndpointMvcAdapter.invoke() 
2016:04:29 17:46:56.296 INFO  --- [main] o.s.b.a.e.m.EndpointHandlerMapping : Mapped "{[/env/{name:.*}],methods=[GET],produces=[application/json]}" onto public java.lang.Object org.springframework.boot.actuate.endpoint.mvc.EnvironmentMvcEndpoint.value(java.lang.String) 
2016:04:29 17:46:56.305 INFO  --- [main] o.s.b.a.e.m.EndpointHandlerMapping : Mapped "{[/env || /env.json],methods=[GET],produces=[application/json]}" onto public java.lang.Object org.springframework.boot.actuate.endpoint.mvc.EndpointMvcAdapter.invoke() 
2016:04:29 17:46:56.319 INFO  --- [main] o.s.b.a.e.m.EndpointHandlerMapping : Mapped "{[/metrics/{name:.*}],methods=[GET],produces=[application/json]}" onto public java.lang.Object org.springframework.boot.actuate.endpoint.mvc.MetricsMvcEndpoint.value(java.lang.String) 
2016:04:29 17:46:56.320 INFO  --- [main] o.s.b.a.e.m.EndpointHandlerMapping : Mapped "{[/metrics || /metrics.json],methods=[GET],produces=[application/json]}" onto public java.lang.Object org.springframework.boot.actuate.endpoint.mvc.EndpointMvcAdapter.invoke() 
2016:04:29 17:46:56.331 INFO  --- [main] o.s.b.a.e.m.EndpointHandlerMapping : Mapped "{[/beans || /beans.json],methods=[GET],produces=[application/json]}" onto public java.lang.Object org.springframework.boot.actuate.endpoint.mvc.EndpointMvcAdapter.invoke() 
2016:04:29 17:46:56.334 INFO  --- [main] o.s.b.a.e.m.EndpointHandlerMapping : Mapped "{[/autoconfig || /autoconfig.json],methods=[GET],produces=[application/json]}" onto public java.lang.Object org.springframework.boot.actuate.endpoint.mvc.EndpointMvcAdapter.invoke() 
2016:04:29 17:46:56.336 INFO  --- [main] o.s.b.a.e.m.EndpointHandlerMapping : Mapped "{[/trace || /trace.json],methods=[GET],produces=[application/json]}" onto public java.lang.Object org.springframework.boot.actuate.endpoint.mvc.EndpointMvcAdapter.invoke() 
2016:04:29 17:46:56.338 INFO  --- [main] o.s.b.a.e.m.EndpointHandlerMapping : Mapped "{[/info || /info.json],methods=[GET],produces=[application/json]}" onto public java.lang.Object org.springframework.boot.actuate.endpoint.mvc.EndpointMvcAdapter.invoke() 
2016:04:29 17:46:56.892 INFO  --- [main] o.s.j.e.a.AnnotationMBeanExporter : Registering beans for JMX exposure on startup 
2016:04:29 17:46:56.929 INFO  --- [main] o.s.c.s.DefaultLifecycleProcessor : Starting beans in phase 0 
2016:04:29 17:46:57.278 ERROR --- [main] o.a.coyote.http11.Http11NioProtocol : Failed to start end point associated with ProtocolHandler ["http-nio-8080"] 
java.net.BindException: Address already in use: bind
	at sun.nio.ch.Net.bind0(Native Method)
	at sun.nio.ch.Net.bind(Unknown Source)
	at sun.nio.ch.Net.bind(Unknown Source)
	at sun.nio.ch.ServerSocketChannelImpl.bind(Unknown Source)
	at sun.nio.ch.ServerSocketAdaptor.bind(Unknown Source)
	at org.apache.tomcat.util.net.NioEndpoint.bind(NioEndpoint.java:340)
	at org.apache.tomcat.util.net.AbstractEndpoint.start(AbstractEndpoint.java:765)
	at org.apache.coyote.AbstractProtocol.start(AbstractProtocol.java:473)
	at org.apache.catalina.connector.Connector.startInternal(Connector.java:986)
	at org.apache.catalina.util.LifecycleBase.start(LifecycleBase.java:147)
	at org.apache.catalina.core.StandardService.addConnector(StandardService.java:239)
	at org.springframework.boot.context.embedded.tomcat.TomcatEmbeddedServletContainer.addPreviouslyRemovedConnectors(TomcatEmbeddedServletContainer.java:194)
	at org.springframework.boot.context.embedded.tomcat.TomcatEmbeddedServletContainer.start(TomcatEmbeddedServletContainer.java:151)
	at org.springframework.boot.context.embedded.EmbeddedWebApplicationContext.startEmbeddedServletContainer(EmbeddedWebApplicationContext.java:293)
	at org.springframework.boot.context.embedded.EmbeddedWebApplicationContext.finishRefresh(EmbeddedWebApplicationContext.java:141)
	at org.springframework.context.support.AbstractApplicationContext.refresh(AbstractApplicationContext.java:541)
	at org.springframework.boot.context.embedded.EmbeddedWebApplicationContext.refresh(EmbeddedWebApplicationContext.java:118)
	at org.springframework.boot.SpringApplication.refresh(SpringApplication.java:766)
	at org.springframework.boot.SpringApplication.createAndRefreshContext(SpringApplication.java:361)
	at org.springframework.boot.SpringApplication.run(SpringApplication.java:307)
	at org.springframework.boot.SpringApplication.run(SpringApplication.java:1191)
	at org.springframework.boot.SpringApplication.run(SpringApplication.java:1180)
	at app.App.main(App.java:14)
2016:04:29 17:46:57.283 ERROR --- [main] o.a.catalina.core.StandardService : Failed to start connector [Connector[HTTP/1.1-8080]] 
org.apache.catalina.LifecycleException: Failed to start component [Connector[HTTP/1.1-8080]]
	at org.apache.catalina.util.LifecycleBase.start(LifecycleBase.java:153)
	at org.apache.catalina.core.StandardService.addConnector(StandardService.java:239)
	at org.springframework.boot.context.embedded.tomcat.TomcatEmbeddedServletContainer.addPreviouslyRemovedConnectors(TomcatEmbeddedServletContainer.java:194)
	at org.springframework.boot.context.embedded.tomcat.TomcatEmbeddedServletContainer.start(TomcatEmbeddedServletContainer.java:151)
	at org.springframework.boot.context.embedded.EmbeddedWebApplicationContext.startEmbeddedServletContainer(EmbeddedWebApplicationContext.java:293)
	at org.springframework.boot.context.embedded.EmbeddedWebApplicationContext.finishRefresh(EmbeddedWebApplicationContext.java:141)
	at org.springframework.context.support.AbstractApplicationContext.refresh(AbstractApplicationContext.java:541)
	at org.springframework.boot.context.embedded.EmbeddedWebApplicationContext.refresh(EmbeddedWebApplicationContext.java:118)
	at org.springframework.boot.SpringApplication.refresh(SpringApplication.java:766)
	at org.springframework.boot.SpringApplication.createAndRefreshContext(SpringApplication.java:361)
	at org.springframework.boot.SpringApplication.run(SpringApplication.java:307)
	at org.springframework.boot.SpringApplication.run(SpringApplication.java:1191)
	at org.springframework.boot.SpringApplication.run(SpringApplication.java:1180)
	at app.App.main(App.java:14)
Caused by: org.apache.catalina.LifecycleException: service.getName(): "Tomcat";  Protocol handler start failed
	at org.apache.catalina.connector.Connector.startInternal(Connector.java:993)
	at org.apache.catalina.util.LifecycleBase.start(LifecycleBase.java:147)
	... 13 common frames omitted
Caused by: java.net.BindException: Address already in use: bind
	at sun.nio.ch.Net.bind0(Native Method)
	at sun.nio.ch.Net.bind(Unknown Source)
	at sun.nio.ch.Net.bind(Unknown Source)
	at sun.nio.ch.ServerSocketChannelImpl.bind(Unknown Source)
	at sun.nio.ch.ServerSocketAdaptor.bind(Unknown Source)
	at org.apache.tomcat.util.net.NioEndpoint.bind(NioEndpoint.java:340)
	at org.apache.tomcat.util.net.AbstractEndpoint.start(AbstractEndpoint.java:765)
	at org.apache.coyote.AbstractProtocol.start(AbstractProtocol.java:473)
	at org.apache.catalina.connector.Connector.startInternal(Connector.java:986)
	... 14 common frames omitted
2016:04:29 17:46:57.320 INFO  --- [main] o.a.catalina.core.StandardService : Stopping service Tomcat 
2016:04:29 17:46:57.351 ERROR --- [main] o.s.boot.SpringApplication : Application startup failed 
org.springframework.boot.context.embedded.EmbeddedServletContainerException: Unable to start embedded Tomcat servlet container
	at org.springframework.boot.context.embedded.tomcat.TomcatEmbeddedServletContainer.start(TomcatEmbeddedServletContainer.java:165)
	at org.springframework.boot.context.embedded.EmbeddedWebApplicationContext.startEmbeddedServletContainer(EmbeddedWebApplicationContext.java:293)
	at org.springframework.boot.context.embedded.EmbeddedWebApplicationContext.finishRefresh(EmbeddedWebApplicationContext.java:141)
	at org.springframework.context.support.AbstractApplicationContext.refresh(AbstractApplicationContext.java:541)
	at org.springframework.boot.context.embedded.EmbeddedWebApplicationContext.refresh(EmbeddedWebApplicationContext.java:118)
	at org.springframework.boot.SpringApplication.refresh(SpringApplication.java:766)
	at org.springframework.boot.SpringApplication.createAndRefreshContext(SpringApplication.java:361)
	at org.springframework.boot.SpringApplication.run(SpringApplication.java:307)
	at org.springframework.boot.SpringApplication.run(SpringApplication.java:1191)
	at org.springframework.boot.SpringApplication.run(SpringApplication.java:1180)
	at app.App.main(App.java:14)
Caused by: java.lang.IllegalStateException: Tomcat connector in failed state
	at org.springframework.boot.context.embedded.tomcat.TomcatEmbeddedServletContainer.start(TomcatEmbeddedServletContainer.java:159)
	... 10 common frames omitted
2016:04:29 17:46:57.366 INFO  --- [main] o.s.b.l.ClasspathLoggingApplicationListener : Application failed to start with classpath: [file:/C:/Dev/workSpace_ktTR/SpringBoot/target/classes/, file:/C:/Users/seobi-dev/.m2/repository/org/springframework/boot/spring-boot-starter-web/1.3.3.RELEASE/spring-boot-starter-web-1.3.3.RELEASE.jar, file:/C:/Users/seobi-dev/.m2/repository/org/springframework/boot/spring-boot-starter/1.3.3.RELEASE/spring-boot-starter-1.3.3.RELEASE.jar, file:/C:/Users/seobi-dev/.m2/repository/org/springframework/boot/spring-boot/1.3.3.RELEASE/spring-boot-1.3.3.RELEASE.jar, file:/C:/Users/seobi-dev/.m2/repository/org/springframework/boot/spring-boot-autoconfigure/1.3.3.RELEASE/spring-boot-autoconfigure-1.3.3.RELEASE.jar, file:/C:/Users/seobi-dev/.m2/repository/org/springframework/boot/spring-boot-starter-logging/1.3.3.RELEASE/spring-boot-starter-logging-1.3.3.RELEASE.jar, file:/C:/Users/seobi-dev/.m2/repository/ch/qos/logback/logback-classic/1.1.5/logback-classic-1.1.5.jar, file:/C:/Users/seobi-dev/.m2/repository/ch/qos/logback/logback-core/1.1.5/logback-core-1.1.5.jar, file:/C:/Users/seobi-dev/.m2/repository/org/slf4j/jcl-over-slf4j/1.7.16/jcl-over-slf4j-1.7.16.jar, file:/C:/Users/seobi-dev/.m2/repository/org/slf4j/jul-to-slf4j/1.7.16/jul-to-slf4j-1.7.16.jar, file:/C:/Users/seobi-dev/.m2/repository/org/slf4j/log4j-over-slf4j/1.7.16/log4j-over-slf4j-1.7.16.jar, file:/C:/Users/seobi-dev/.m2/repository/org/springframework/spring-core/4.2.5.RELEASE/spring-core-4.2.5.RELEASE.jar, file:/C:/Users/seobi-dev/.m2/repository/org/yaml/snakeyaml/1.16/snakeyaml-1.16.jar, file:/C:/Users/seobi-dev/.m2/repository/org/springframework/boot/spring-boot-starter-tomcat/1.3.3.RELEASE/spring-boot-starter-tomcat-1.3.3.RELEASE.jar, file:/C:/Users/seobi-dev/.m2/repository/org/apache/tomcat/embed/tomcat-embed-core/8.0.32/tomcat-embed-core-8.0.32.jar, file:/C:/Users/seobi-dev/.m2/repository/org/apache/tomcat/embed/tomcat-embed-el/8.0.32/tomcat-embed-el-8.0.32.jar, file:/C:/Users/seobi-dev/.m2/repository/org/apache/tomcat/embed/tomcat-embed-logging-juli/8.0.32/tomcat-embed-logging-juli-8.0.32.jar, file:/C:/Users/seobi-dev/.m2/repository/org/apache/tomcat/embed/tomcat-embed-websocket/8.0.32/tomcat-embed-websocket-8.0.32.jar, file:/C:/Users/seobi-dev/.m2/repository/org/springframework/boot/spring-boot-starter-validation/1.3.3.RELEASE/spring-boot-starter-validation-1.3.3.RELEASE.jar, file:/C:/Users/seobi-dev/.m2/repository/org/hibernate/hibernate-validator/5.2.4.Final/hibernate-validator-5.2.4.Final.jar, file:/C:/Users/seobi-dev/.m2/repository/javax/validation/validation-api/1.1.0.Final/validation-api-1.1.0.Final.jar, file:/C:/Users/seobi-dev/.m2/repository/org/jboss/logging/jboss-logging/3.3.0.Final/jboss-logging-3.3.0.Final.jar, file:/C:/Users/seobi-dev/.m2/repository/com/fasterxml/classmate/1.1.0/classmate-1.1.0.jar, file:/C:/Users/seobi-dev/.m2/repository/com/fasterxml/jackson/core/jackson-databind/2.6.5/jackson-databind-2.6.5.jar, file:/C:/Users/seobi-dev/.m2/repository/com/fasterxml/jackson/core/jackson-annotations/2.6.5/jackson-annotations-2.6.5.jar, file:/C:/Users/seobi-dev/.m2/repository/com/fasterxml/jackson/core/jackson-core/2.6.5/jackson-core-2.6.5.jar, file:/C:/Users/seobi-dev/.m2/repository/org/springframework/spring-web/4.2.5.RELEASE/spring-web-4.2.5.RELEASE.jar, file:/C:/Users/seobi-dev/.m2/repository/org/springframework/spring-aop/4.2.5.RELEASE/spring-aop-4.2.5.RELEASE.jar, file:/C:/Users/seobi-dev/.m2/repository/aopalliance/aopalliance/1.0/aopalliance-1.0.jar, file:/C:/Users/seobi-dev/.m2/repository/org/springframework/spring-beans/4.2.5.RELEASE/spring-beans-4.2.5.RELEASE.jar, file:/C:/Users/seobi-dev/.m2/repository/org/springframework/spring-context/4.2.5.RELEASE/spring-context-4.2.5.RELEASE.jar, file:/C:/Users/seobi-dev/.m2/repository/org/springframework/spring-webmvc/4.2.5.RELEASE/spring-webmvc-4.2.5.RELEASE.jar, file:/C:/Users/seobi-dev/.m2/repository/org/springframework/spring-expression/4.2.5.RELEASE/spring-expression-4.2.5.RELEASE.jar, file:/C:/Users/seobi-dev/.m2/repository/org/springframework/boot/spring-boot-starter-remote-shell/1.3.3.RELEASE/spring-boot-starter-remote-shell-1.3.3.RELEASE.jar, file:/C:/Users/seobi-dev/.m2/repository/org/springframework/boot/spring-boot-starter-actuator/1.3.3.RELEASE/spring-boot-starter-actuator-1.3.3.RELEASE.jar, file:/C:/Users/seobi-dev/.m2/repository/org/springframework/boot/spring-boot-actuator/1.3.3.RELEASE/spring-boot-actuator-1.3.3.RELEASE.jar, file:/C:/Users/seobi-dev/.m2/repository/org/crashub/crash.cli/1.3.2/crash.cli-1.3.2.jar, file:/C:/Users/seobi-dev/.m2/repository/org/crashub/crash.connectors.ssh/1.3.2/crash.connectors.ssh-1.3.2.jar, file:/C:/Users/seobi-dev/.m2/repository/org/apache/sshd/sshd-core/0.11.0/sshd-core-0.11.0.jar, file:/C:/Users/seobi-dev/.m2/repository/org/apache/sshd/sshd-pam/0.11.0/sshd-pam-0.11.0.jar, file:/C:/Users/seobi-dev/.m2/repository/net/sf/jpam/jpam/1.1/jpam-1.1.jar, file:/C:/Users/seobi-dev/.m2/repository/org/bouncycastle/bcprov-jdk15on/1.51/bcprov-jdk15on-1.51.jar, file:/C:/Users/seobi-dev/.m2/repository/org/bouncycastle/bcpkix-jdk15on/1.51/bcpkix-jdk15on-1.51.jar, file:/C:/Users/seobi-dev/.m2/repository/org/apache/mina/mina-core/2.0.7/mina-core-2.0.7.jar, file:/C:/Users/seobi-dev/.m2/repository/org/slf4j/slf4j-api/1.7.16/slf4j-api-1.7.16.jar, file:/C:/Users/seobi-dev/.m2/repository/org/crashub/crash.embed.spring/1.3.2/crash.embed.spring-1.3.2.jar, file:/C:/Users/seobi-dev/.m2/repository/org/crashub/crash.plugins.cron/1.3.2/crash.plugins.cron-1.3.2.jar, file:/C:/Users/seobi-dev/.m2/repository/it/sauronsoftware/cron4j/cron4j/2.2.5/cron4j-2.2.5.jar, file:/C:/Users/seobi-dev/.m2/repository/org/crashub/crash.plugins.mail/1.3.2/crash.plugins.mail-1.3.2.jar, file:/C:/Users/seobi-dev/.m2/repository/org/crashub/crash.shell/1.3.2/crash.shell-1.3.2.jar, file:/C:/Users/seobi-dev/.m2/repository/org/codehaus/groovy/groovy/2.4.6/groovy-2.4.6.jar, file:/C:/Users/seobi-dev/.m2/repository/com/sun/mail/javax.mail/1.5.5/javax.mail-1.5.5.jar, file:/C:/Users/seobi-dev/.m2/repository/javax/activation/activation/1.1/activation-1.1.jar] 
2016:04:29 17:47:22.420 INFO  --- [main] app.App : Starting App on SEOBI-DEV with PID 4044 (C:\Dev\workSpace_ktTR\SpringBoot\target\classes started by seobi-dev in C:\Dev\workSpace_ktTR\SpringBoot) 
2016:04:29 17:47:22.443 INFO  --- [main] app.App : No active profile set, falling back to default profiles: default 
2016:04:29 17:47:23.042 INFO  --- [main] o.s.b.c.e.AnnotationConfigEmbeddedWebApplicationContext : Refreshing org.springframework.boot.context.embedded.AnnotationConfigEmbeddedWebApplicationContext@79355ce7: startup date [Fri Apr 29 17:47:23 KST 2016]; root of context hierarchy 
2016:04:29 17:47:25.138 INFO  --- [main] o.s.b.f.s.DefaultListableBeanFactory : Overriding bean definition for bean 'beanNameViewResolver' with a different definition: replacing [Root bean: class [null]; scope=; abstract=false; lazyInit=false; autowireMode=3; dependencyCheck=0; autowireCandidate=true; primary=false; factoryBeanName=org.springframework.boot.autoconfigure.web.ErrorMvcAutoConfiguration$WhitelabelErrorViewConfiguration; factoryMethodName=beanNameViewResolver; initMethodName=null; destroyMethodName=(inferred); defined in class path resource [org/springframework/boot/autoconfigure/web/ErrorMvcAutoConfiguration$WhitelabelErrorViewConfiguration.class]] with [Root bean: class [null]; scope=; abstract=false; lazyInit=false; autowireMode=3; dependencyCheck=0; autowireCandidate=true; primary=false; factoryBeanName=org.springframework.boot.autoconfigure.web.WebMvcAutoConfiguration$WebMvcAutoConfigurationAdapter; factoryMethodName=beanNameViewResolver; initMethodName=null; destroyMethodName=(inferred); defined in class path resource [org/springframework/boot/autoconfigure/web/WebMvcAutoConfiguration$WebMvcAutoConfigurationAdapter.class]] 
2016:04:29 17:47:27.099 INFO  --- [main] o.s.b.c.e.t.TomcatEmbeddedServletContainer : Tomcat initialized with port(s): 8080 (http) 
2016:04:29 17:47:27.135 INFO  --- [main] o.a.catalina.core.StandardService : Starting service Tomcat 
2016:04:29 17:47:27.138 INFO  --- [main] o.a.catalina.core.StandardEngine : Starting Servlet Engine: Apache Tomcat/8.0.32 
2016:04:29 17:47:27.550 INFO  --- [localhost-startStop-1] o.a.c.c.C.[Tomcat].[localhost].[/] : Initializing Spring embedded WebApplicationContext 
2016:04:29 17:47:27.551 INFO  --- [localhost-startStop-1] o.s.web.context.ContextLoader : Root WebApplicationContext: initialization completed in 4509 ms 
2016:04:29 17:47:28.451 INFO  --- [localhost-startStop-1] o.s.b.c.e.ServletRegistrationBean : Mapping servlet: 'dispatcherServlet' to [/] 
2016:04:29 17:47:28.460 INFO  --- [localhost-startStop-1] o.s.b.c.e.FilterRegistrationBean : Mapping filter: 'metricFilter' to: [/*] 
2016:04:29 17:47:28.461 INFO  --- [localhost-startStop-1] o.s.b.c.e.FilterRegistrationBean : Mapping filter: 'characterEncodingFilter' to: [/*] 
2016:04:29 17:47:28.461 INFO  --- [localhost-startStop-1] o.s.b.c.e.FilterRegistrationBean : Mapping filter: 'hiddenHttpMethodFilter' to: [/*] 
2016:04:29 17:47:28.462 INFO  --- [localhost-startStop-1] o.s.b.c.e.FilterRegistrationBean : Mapping filter: 'httpPutFormContentFilter' to: [/*] 
2016:04:29 17:47:28.462 INFO  --- [localhost-startStop-1] o.s.b.c.e.FilterRegistrationBean : Mapping filter: 'requestContextFilter' to: [/*] 
2016:04:29 17:47:28.463 INFO  --- [localhost-startStop-1] o.s.b.c.e.FilterRegistrationBean : Mapping filter: 'webRequestLoggingFilter' to: [/*] 
2016:04:29 17:47:28.469 INFO  --- [localhost-startStop-1] o.s.b.c.e.FilterRegistrationBean : Mapping filter: 'applicationContextIdFilter' to: [/*] 
2016:04:29 17:47:28.920 INFO  --- [main] o.s.w.s.m.m.a.RequestMappingHandlerAdapter : Looking for @ControllerAdvice: org.springframework.boot.context.embedded.AnnotationConfigEmbeddedWebApplicationContext@79355ce7: startup date [Fri Apr 29 17:47:23 KST 2016]; root of context hierarchy 
2016:04:29 17:47:29.200 INFO  --- [main] o.s.w.s.m.m.a.RequestMappingHandlerMapping : Mapped "{[/error]}" onto public org.springframework.http.ResponseEntity<java.util.Map<java.lang.String, java.lang.Object>> org.springframework.boot.autoconfigure.web.BasicErrorController.error(javax.servlet.http.HttpServletRequest) 
2016:04:29 17:47:29.203 INFO  --- [main] o.s.w.s.m.m.a.RequestMappingHandlerMapping : Mapped "{[/error],produces=[text/html]}" onto public org.springframework.web.servlet.ModelAndView org.springframework.boot.autoconfigure.web.BasicErrorController.errorHtml(javax.servlet.http.HttpServletRequest,javax.servlet.http.HttpServletResponse) 
2016:04:29 17:47:29.424 INFO  --- [main] o.s.w.s.h.SimpleUrlHandlerMapping : Mapped URL path [/webjars/**] onto handler of type [class org.springframework.web.servlet.resource.ResourceHttpRequestHandler] 
2016:04:29 17:47:29.424 INFO  --- [main] o.s.w.s.h.SimpleUrlHandlerMapping : Mapped URL path [/**] onto handler of type [class org.springframework.web.servlet.resource.ResourceHttpRequestHandler] 
2016:04:29 17:47:29.544 INFO  --- [main] o.s.w.s.h.SimpleUrlHandlerMapping : Mapped URL path [/**/favicon.ico] onto handler of type [class org.springframework.web.servlet.resource.ResourceHttpRequestHandler] 
2016:04:29 17:47:29.711 INFO  --- [main] o.s.b.a.a.ShellProperties$SimpleAuthenticationProperties : 

Using default password for shell access: 919ed833-699e-4fde-a38d-7780f7f6e3fe

 
2016:04:29 17:47:32.897 INFO  --- [main] o.s.b.a.e.m.EndpointHandlerMapping : Mapped "{[/env/{name:.*}],methods=[GET],produces=[application/json]}" onto public java.lang.Object org.springframework.boot.actuate.endpoint.mvc.EnvironmentMvcEndpoint.value(java.lang.String) 
2016:04:29 17:47:32.898 INFO  --- [main] o.s.b.a.e.m.EndpointHandlerMapping : Mapped "{[/env || /env.json],methods=[GET],produces=[application/json]}" onto public java.lang.Object org.springframework.boot.actuate.endpoint.mvc.EndpointMvcAdapter.invoke() 
2016:04:29 17:47:32.900 INFO  --- [main] o.s.b.a.e.m.EndpointHandlerMapping : Mapped "{[/autoconfig || /autoconfig.json],methods=[GET],produces=[application/json]}" onto public java.lang.Object org.springframework.boot.actuate.endpoint.mvc.EndpointMvcAdapter.invoke() 
2016:04:29 17:47:32.902 INFO  --- [main] o.s.b.a.e.m.EndpointHandlerMapping : Mapped "{[/metrics/{name:.*}],methods=[GET],produces=[application/json]}" onto public java.lang.Object org.springframework.boot.actuate.endpoint.mvc.MetricsMvcEndpoint.value(java.lang.String) 
2016:04:29 17:47:32.913 INFO  --- [main] o.s.b.a.e.m.EndpointHandlerMapping : Mapped "{[/metrics || /metrics.json],methods=[GET],produces=[application/json]}" onto public java.lang.Object org.springframework.boot.actuate.endpoint.mvc.EndpointMvcAdapter.invoke() 
2016:04:29 17:47:32.922 INFO  --- [main] o.s.b.a.e.m.EndpointHandlerMapping : Mapped "{[/beans || /beans.json],methods=[GET],produces=[application/json]}" onto public java.lang.Object org.springframework.boot.actuate.endpoint.mvc.EndpointMvcAdapter.invoke() 
2016:04:29 17:47:32.937 INFO  --- [main] o.s.b.a.e.m.EndpointHandlerMapping : Mapped "{[/mappings || /mappings.json],methods=[GET],produces=[application/json]}" onto public java.lang.Object org.springframework.boot.actuate.endpoint.mvc.EndpointMvcAdapter.invoke() 
2016:04:29 17:47:32.939 INFO  --- [main] o.s.b.a.e.m.EndpointHandlerMapping : Mapped "{[/info || /info.json],methods=[GET],produces=[application/json]}" onto public java.lang.Object org.springframework.boot.actuate.endpoint.mvc.EndpointMvcAdapter.invoke() 
2016:04:29 17:47:32.950 INFO  --- [main] o.s.b.a.e.m.EndpointHandlerMapping : Mapped "{[/configprops || /configprops.json],methods=[GET],produces=[application/json]}" onto public java.lang.Object org.springframework.boot.actuate.endpoint.mvc.EndpointMvcAdapter.invoke() 
2016:04:29 17:47:32.953 INFO  --- [main] o.s.b.a.e.m.EndpointHandlerMapping : Mapped "{[/trace || /trace.json],methods=[GET],produces=[application/json]}" onto public java.lang.Object org.springframework.boot.actuate.endpoint.mvc.EndpointMvcAdapter.invoke() 
2016:04:29 17:47:32.958 INFO  --- [main] o.s.b.a.e.m.EndpointHandlerMapping : Mapped "{[/health || /health.json],produces=[application/json]}" onto public java.lang.Object org.springframework.boot.actuate.endpoint.mvc.HealthMvcEndpoint.invoke(java.security.Principal) 
2016:04:29 17:47:32.962 INFO  --- [main] o.s.b.a.e.m.EndpointHandlerMapping : Mapped "{[/dump || /dump.json],methods=[GET],produces=[application/json]}" onto public java.lang.Object org.springframework.boot.actuate.endpoint.mvc.EndpointMvcAdapter.invoke() 
2016:04:29 17:47:33.529 INFO  --- [main] o.s.j.e.a.AnnotationMBeanExporter : Registering beans for JMX exposure on startup 
2016:04:29 17:47:33.567 INFO  --- [main] o.s.c.s.DefaultLifecycleProcessor : Starting beans in phase 0 
2016:04:29 17:47:34.121 INFO  --- [main] o.s.b.c.e.t.TomcatEmbeddedServletContainer : Tomcat started on port(s): 8080 (http) 
2016:04:29 17:47:34.136 INFO  --- [main] app.App : Started App in 13.199 seconds (JVM running for 13.933) 
2016:04:29 17:47:44.256 INFO  --- [main] o.s.b.c.e.AnnotationConfigEmbeddedWebApplicationContext : Closing org.springframework.boot.context.embedded.AnnotationConfigEmbeddedWebApplicationContext@79355ce7: startup date [Fri Apr 29 17:47:23 KST 2016]; root of context hierarchy 
2016:04:29 17:47:44.260 INFO  --- [main] o.s.c.s.DefaultLifecycleProcessor : Stopping beans in phase 0 
2016:04:29 17:47:44.281 INFO  --- [main] o.s.j.e.a.AnnotationMBeanExporter : Unregistering JMX-exposed beans on shutdown 
2016:04:29 17:48:24.159 INFO  --- [main] app.App : Starting App on SEOBI-DEV with PID 3280 (C:\Dev\workSpace_ktTR\SpringBoot\target\classes started by seobi-dev in C:\Dev\workSpace_ktTR\SpringBoot) 
2016:04:29 17:48:24.170 INFO  --- [main] app.App : No active profile set, falling back to default profiles: default 
2016:04:29 17:48:24.632 INFO  --- [main] o.s.c.a.AnnotationConfigApplicationContext : Refreshing org.springframework.context.annotation.AnnotationConfigApplicationContext@34bc1ebd: startup date [Fri Apr 29 17:48:24 KST 2016]; root of context hierarchy 
2016:04:29 17:48:27.468 INFO  --- [main] o.s.b.a.a.ShellProperties$SimpleAuthenticationProperties : 

Using default password for shell access: 1dfff155-0c9e-4621-b051-9acdb475053d

 
2016:04:29 17:48:30.851 INFO  --- [main] o.s.j.e.a.AnnotationMBeanExporter : Registering beans for JMX exposure on startup 
2016:04:29 17:48:30.867 INFO  --- [main] o.s.c.s.DefaultLifecycleProcessor : Starting beans in phase 0 
2016:04:29 17:48:31.067 INFO  --- [main] app.App : Started App in 7.938 seconds (JVM running for 8.691) 
2016:04:29 17:48:50.760 INFO  --- [main] o.s.c.a.AnnotationConfigApplicationContext : Closing org.springframework.context.annotation.AnnotationConfigApplicationContext@34bc1ebd: startup date [Fri Apr 29 17:48:24 KST 2016]; root of context hierarchy 
2016:04:29 17:48:50.764 INFO  --- [main] o.s.c.s.DefaultLifecycleProcessor : Stopping beans in phase 0 
2016:04:29 17:48:50.775 INFO  --- [main] o.s.j.e.a.AnnotationMBeanExporter : Unregistering JMX-exposed beans on shutdown 
2016:04:29 17:49:02.229 INFO  --- [main] app.App : Starting App on SEOBI-DEV with PID 7740 (C:\Dev\workSpace_ktTR\SpringBoot\target\classes started by seobi-dev in C:\Dev\workSpace_ktTR\SpringBoot) 
2016:04:29 17:49:02.242 INFO  --- [main] app.App : No active profile set, falling back to default profiles: default 
2016:04:29 17:49:02.696 INFO  --- [main] o.s.c.a.AnnotationConfigApplicationContext : Refreshing org.springframework.context.annotation.AnnotationConfigApplicationContext@7dbdc3af: startup date [Fri Apr 29 17:49:02 KST 2016]; root of context hierarchy 
2016:04:29 17:49:05.497 INFO  --- [main] o.s.b.a.a.ShellProperties$SimpleAuthenticationProperties : 

Using default password for shell access: b83440a2-ddce-4935-8c92-ee5ee8bec575

 
2016:04:29 17:49:08.661 INFO  --- [main] o.s.j.e.a.AnnotationMBeanExporter : Registering beans for JMX exposure on startup 
2016:04:29 17:49:08.675 INFO  --- [main] o.s.c.s.DefaultLifecycleProcessor : Starting beans in phase 0 
2016:04:29 17:49:08.869 INFO  --- [main] app.App : Started App in 7.62 seconds (JVM running for 8.327) 
2016:04:29 17:49:14.082 INFO  --- [main] o.s.c.a.AnnotationConfigApplicationContext : Closing org.springframework.context.annotation.AnnotationConfigApplicationContext@7dbdc3af: startup date [Fri Apr 29 17:49:02 KST 2016]; root of context hierarchy 
2016:04:29 17:49:14.087 INFO  --- [main] o.s.c.s.DefaultLifecycleProcessor : Stopping beans in phase 0 
2016:04:29 17:49:14.098 INFO  --- [main] o.s.j.e.a.AnnotationMBeanExporter : Unregistering JMX-exposed beans on shutdown 
2016:04:29 17:54:35.809 INFO  --- [main] app.App : Starting App on SEOBI-DEV with PID 9476 (C:\Dev\workSpace_ktTR\SpringBoot\target\classes started by seobi-dev in C:\Dev\workSpace_ktTR\SpringBoot) 
2016:04:29 17:54:35.823 INFO  --- [main] app.App : No active profile set, falling back to default profiles: default 
2016:04:29 17:54:36.486 INFO  --- [main] o.s.c.a.AnnotationConfigApplicationContext : Refreshing org.springframework.context.annotation.AnnotationConfigApplicationContext@357a56a7: startup date [Fri Apr 29 17:54:36 KST 2016]; root of context hierarchy 
2016:04:29 17:54:39.360 INFO  --- [main] o.s.b.a.a.ShellProperties$SimpleAuthenticationProperties : 

Using default password for shell access: 0bf58c63-4a34-482a-97ec-d4b7a6d9f50a

 
2016:04:29 17:54:42.611 INFO  --- [main] o.s.j.e.a.AnnotationMBeanExporter : Registering beans for JMX exposure on startup 
2016:04:29 17:54:42.626 INFO  --- [main] o.s.c.s.DefaultLifecycleProcessor : Starting beans in phase 0 
2016:04:29 17:54:42.822 INFO  --- [main] app.App : Started App in 8.049 seconds (JVM running for 8.751) 
2016:04:29 17:56:37.695 INFO  --- [main] app.App : Starting App on SEOBI-DEV with PID 6876 (C:\Dev\workSpace_ktTR\SpringBoot\target\classes started by seobi-dev in C:\Dev\workSpace_ktTR\SpringBoot) 
2016:04:29 17:56:37.708 INFO  --- [main] app.App : No active profile set, falling back to default profiles: default 
2016:04:29 17:56:38.172 INFO  --- [main] o.s.c.a.AnnotationConfigApplicationContext : Refreshing org.springframework.context.annotation.AnnotationConfigApplicationContext@72cf095e: startup date [Fri Apr 29 17:56:38 KST 2016]; root of context hierarchy 
2016:04:29 17:56:41.058 INFO  --- [main] o.s.b.a.a.ShellProperties$SimpleAuthenticationProperties : 

Using default password for shell access: 7c5d3e63-1ea5-4fdd-81fd-8a773658d421

 
2016:04:29 17:56:43.143 ERROR --- [main] org.crsh.ssh.term.SSHLifeCycle : Could not start CRaSSHD 
java.net.BindException: Address already in use: bind
	at sun.nio.ch.Net.bind0(Native Method)
	at sun.nio.ch.Net.bind(Unknown Source)
	at sun.nio.ch.Net.bind(Unknown Source)
	at sun.nio.ch.AsynchronousServerSocketChannelImpl.bind(Unknown Source)
	at org.apache.sshd.common.io.nio2.Nio2Acceptor.bind(Nio2Acceptor.java:59)
	at org.apache.sshd.SshServer.start(SshServer.java:349)
	at org.crsh.ssh.term.SSHLifeCycle.init(SSHLifeCycle.java:185)
	at org.crsh.ssh.SSHPlugin.init(SSHPlugin.java:194)
	at org.crsh.plugin.PluginManager.getPlugins(PluginManager.java:83)
	at org.crsh.plugin.PluginContext.start(PluginContext.java:327)
	at org.crsh.plugin.PluginLifeCycle.start(PluginLifeCycle.java:104)
	at org.springframework.boot.actuate.autoconfigure.CrshAutoConfiguration$CrshBootstrapBean.init(CrshAutoConfiguration.java:231)
	at sun.reflect.NativeMethodAccessorImpl.invoke0(Native Method)
	at sun.reflect.NativeMethodAccessorImpl.invoke(Unknown Source)
	at sun.reflect.DelegatingMethodAccessorImpl.invoke(Unknown Source)
	at java.lang.reflect.Method.invoke(Unknown Source)
	at org.springframework.beans.factory.annotation.InitDestroyAnnotationBeanPostProcessor$LifecycleElement.invoke(InitDestroyAnnotationBeanPostProcessor.java:354)
	at org.springframework.beans.factory.annotation.InitDestroyAnnotationBeanPostProcessor$LifecycleMetadata.invokeInitMethods(InitDestroyAnnotationBeanPostProcessor.java:305)
	at org.springframework.beans.factory.annotation.InitDestroyAnnotationBeanPostProcessor.postProcessBeforeInitialization(InitDestroyAnnotationBeanPostProcessor.java:133)
	at org.springframework.beans.factory.support.AbstractAutowireCapableBeanFactory.applyBeanPostProcessorsBeforeInitialization(AbstractAutowireCapableBeanFactory.java:408)
	at org.springframework.beans.factory.support.AbstractAutowireCapableBeanFactory.initializeBean(AbstractAutowireCapableBeanFactory.java:1570)
	at org.springframework.beans.factory.support.AbstractAutowireCapableBeanFactory.doCreateBean(AbstractAutowireCapableBeanFactory.java:545)
	at org.springframework.beans.factory.support.AbstractAutowireCapableBeanFactory.createBean(AbstractAutowireCapableBeanFactory.java:482)
	at org.springframework.beans.factory.support.AbstractBeanFactory$1.getObject(AbstractBeanFactory.java:306)
	at org.springframework.beans.factory.support.DefaultSingletonBeanRegistry.getSingleton(DefaultSingletonBeanRegistry.java:230)
	at org.springframework.beans.factory.support.AbstractBeanFactory.doGetBean(AbstractBeanFactory.java:302)
	at org.springframework.beans.factory.support.AbstractBeanFactory.getBean(AbstractBeanFactory.java:197)
	at org.springframework.beans.factory.support.DefaultListableBeanFactory.preInstantiateSingletons(DefaultListableBeanFactory.java:772)
	at org.springframework.context.support.AbstractApplicationContext.finishBeanFactoryInitialization(AbstractApplicationContext.java:839)
	at org.springframework.context.support.AbstractApplicationContext.refresh(AbstractApplicationContext.java:538)
	at org.springframework.boot.SpringApplication.refresh(SpringApplication.java:766)
	at org.springframework.boot.SpringApplication.createAndRefreshContext(SpringApplication.java:361)
	at org.springframework.boot.SpringApplication.run(SpringApplication.java:307)
	at org.springframework.boot.SpringApplication.run(SpringApplication.java:1191)
	at org.springframework.boot.SpringApplication.run(SpringApplication.java:1180)
	at app.App.main(App.java:17)
2016:04:29 17:56:44.296 INFO  --- [main] o.s.j.e.a.AnnotationMBeanExporter : Registering beans for JMX exposure on startup 
2016:04:29 17:56:44.309 INFO  --- [main] o.s.c.s.DefaultLifecycleProcessor : Starting beans in phase 0 
2016:04:29 17:56:44.509 INFO  --- [main] app.App : Started App in 7.81 seconds (JVM running for 8.516) 
2016:04:29 17:56:56.392 INFO  --- [main] o.s.c.a.AnnotationConfigApplicationContext : Closing org.springframework.context.annotation.AnnotationConfigApplicationContext@72cf095e: startup date [Fri Apr 29 17:56:38 KST 2016]; root of context hierarchy 
2016:04:29 17:56:56.397 INFO  --- [main] o.s.c.s.DefaultLifecycleProcessor : Stopping beans in phase 0 
2016:04:29 17:56:56.409 INFO  --- [main] o.s.j.e.a.AnnotationMBeanExporter : Unregistering JMX-exposed beans on shutdown 
2016:04:29 17:57:30.364 INFO  --- [main] app.App : Starting App on SEOBI-DEV with PID 1212 (C:\Dev\workSpace_ktTR\SpringBoot\target\classes started by seobi-dev in C:\Dev\workSpace_ktTR\SpringBoot) 
2016:04:29 17:57:30.376 INFO  --- [main] app.App : No active profile set, falling back to default profiles: default 
2016:04:29 17:57:30.830 INFO  --- [main] o.s.c.a.AnnotationConfigApplicationContext : Refreshing org.springframework.context.annotation.AnnotationConfigApplicationContext@40b525ab: startup date [Fri Apr 29 17:57:30 KST 2016]; root of context hierarchy 
2016:04:29 17:57:33.582 INFO  --- [main] o.s.b.a.a.ShellProperties$SimpleAuthenticationProperties : 

Using default password for shell access: 6128d3b9-d0f5-4280-82ca-1d3608bdb197

 
2016:04:29 17:57:36.742 INFO  --- [main] o.s.j.e.a.AnnotationMBeanExporter : Registering beans for JMX exposure on startup 
2016:04:29 17:57:36.756 INFO  --- [main] o.s.c.s.DefaultLifecycleProcessor : Starting beans in phase 0 
2016:04:29 17:57:36.949 INFO  --- [main] app.App : Started App in 7.587 seconds (JVM running for 8.283) 
2016:04:29 17:57:41.327 INFO  --- [main] o.s.c.a.AnnotationConfigApplicationContext : Closing org.springframework.context.annotation.AnnotationConfigApplicationContext@40b525ab: startup date [Fri Apr 29 17:57:30 KST 2016]; root of context hierarchy 
2016:04:29 17:57:41.334 INFO  --- [main] o.s.c.s.DefaultLifecycleProcessor : Stopping beans in phase 0 
2016:04:29 17:57:41.349 INFO  --- [main] o.s.j.e.a.AnnotationMBeanExporter : Unregistering JMX-exposed beans on shutdown 
2016:04:29 17:58:03.166 INFO  --- [main] app.App : Starting App on SEOBI-DEV with PID 992 (C:\Dev\workSpace_ktTR\SpringBoot\target\classes started by seobi-dev in C:\Dev\workSpace_ktTR\SpringBoot) 
2016:04:29 17:58:03.179 INFO  --- [main] app.App : No active profile set, falling back to default profiles: default 
2016:04:29 17:58:03.261 INFO  --- [main] o.s.c.a.AnnotationConfigApplicationContext : Refreshing org.springframework.context.annotation.AnnotationConfigApplicationContext@3d13fbcd: startup date [Fri Apr 29 17:58:03 KST 2016]; root of context hierarchy 
2016:04:29 17:58:05.081 INFO  --- [main] o.s.j.e.a.AnnotationMBeanExporter : Registering beans for JMX exposure on startup 
2016:04:29 17:58:05.113 INFO  --- [main] app.App : Started App in 2.895 seconds (JVM running for 3.539) 
2016:04:29 17:58:09.913 INFO  --- [main] o.s.c.a.AnnotationConfigApplicationContext : Closing org.springframework.context.annotation.AnnotationConfigApplicationContext@3d13fbcd: startup date [Fri Apr 29 17:58:03 KST 2016]; root of context hierarchy 
2016:04:29 17:58:09.917 INFO  --- [main] o.s.j.e.a.AnnotationMBeanExporter : Unregistering JMX-exposed beans on shutdown 
2016:04:29 19:51:30.954 INFO  --- [main] app.App : Starting App on SEOBI-DEV with PID 7028 (C:\Dev\workSpace_ktTR\SpringBoot\target\classes started by seobi-dev in C:\Dev\workSpace_ktTR\SpringBoot) 
2016:04:29 19:51:30.970 INFO  --- [main] app.App : No active profile set, falling back to default profiles: default 
2016:04:29 19:51:31.076 INFO  --- [main] o.s.b.c.e.AnnotationConfigEmbeddedWebApplicationContext : Refreshing org.springframework.boot.context.embedded.AnnotationConfigEmbeddedWebApplicationContext@2d349d88: startup date [Fri Apr 29 19:51:31 KST 2016]; root of context hierarchy 
2016:04:29 19:51:32.749 INFO  --- [main] o.s.b.f.s.DefaultListableBeanFactory : Overriding bean definition for bean 'beanNameViewResolver' with a different definition: replacing [Root bean: class [null]; scope=; abstract=false; lazyInit=false; autowireMode=3; dependencyCheck=0; autowireCandidate=true; primary=false; factoryBeanName=org.springframework.boot.autoconfigure.web.ErrorMvcAutoConfiguration$WhitelabelErrorViewConfiguration; factoryMethodName=beanNameViewResolver; initMethodName=null; destroyMethodName=(inferred); defined in class path resource [org/springframework/boot/autoconfigure/web/ErrorMvcAutoConfiguration$WhitelabelErrorViewConfiguration.class]] with [Root bean: class [null]; scope=; abstract=false; lazyInit=false; autowireMode=3; dependencyCheck=0; autowireCandidate=true; primary=false; factoryBeanName=org.springframework.boot.autoconfigure.web.WebMvcAutoConfiguration$WebMvcAutoConfigurationAdapter; factoryMethodName=beanNameViewResolver; initMethodName=null; destroyMethodName=(inferred); defined in class path resource [org/springframework/boot/autoconfigure/web/WebMvcAutoConfiguration$WebMvcAutoConfigurationAdapter.class]] 
2016:04:29 19:51:34.333 INFO  --- [main] o.s.b.c.e.t.TomcatEmbeddedServletContainer : Tomcat initialized with port(s): 8080 (http) 
2016:04:29 19:51:34.366 INFO  --- [main] o.a.catalina.core.StandardService : Starting service Tomcat 
2016:04:29 19:51:34.369 INFO  --- [main] o.a.catalina.core.StandardEngine : Starting Servlet Engine: Apache Tomcat/8.0.32 
2016:04:29 19:51:34.619 INFO  --- [localhost-startStop-1] o.a.c.c.C.[Tomcat].[localhost].[/] : Initializing Spring embedded WebApplicationContext 
2016:04:29 19:51:34.620 INFO  --- [localhost-startStop-1] o.s.web.context.ContextLoader : Root WebApplicationContext: initialization completed in 3544 ms 
2016:04:29 19:51:35.385 INFO  --- [localhost-startStop-1] o.s.b.c.e.ServletRegistrationBean : Mapping servlet: 'dispatcherServlet' to [/] 
2016:04:29 19:51:35.392 INFO  --- [localhost-startStop-1] o.s.b.c.e.FilterRegistrationBean : Mapping filter: 'characterEncodingFilter' to: [/*] 
2016:04:29 19:51:35.393 INFO  --- [localhost-startStop-1] o.s.b.c.e.FilterRegistrationBean : Mapping filter: 'hiddenHttpMethodFilter' to: [/*] 
2016:04:29 19:51:35.394 INFO  --- [localhost-startStop-1] o.s.b.c.e.FilterRegistrationBean : Mapping filter: 'httpPutFormContentFilter' to: [/*] 
2016:04:29 19:51:35.395 INFO  --- [localhost-startStop-1] o.s.b.c.e.FilterRegistrationBean : Mapping filter: 'requestContextFilter' to: [/*] 
2016:04:29 19:51:35.901 INFO  --- [main] o.s.w.s.m.m.a.RequestMappingHandlerAdapter : Looking for @ControllerAdvice: org.springframework.boot.context.embedded.AnnotationConfigEmbeddedWebApplicationContext@2d349d88: startup date [Fri Apr 29 19:51:31 KST 2016]; root of context hierarchy 
2016:04:29 19:51:36.108 INFO  --- [main] o.s.w.s.m.m.a.RequestMappingHandlerMapping : Mapped "{[/error]}" onto public org.springframework.http.ResponseEntity<java.util.Map<java.lang.String, java.lang.Object>> org.springframework.boot.autoconfigure.web.BasicErrorController.error(javax.servlet.http.HttpServletRequest) 
2016:04:29 19:51:36.122 INFO  --- [main] o.s.w.s.m.m.a.RequestMappingHandlerMapping : Mapped "{[/error],produces=[text/html]}" onto public org.springframework.web.servlet.ModelAndView org.springframework.boot.autoconfigure.web.BasicErrorController.errorHtml(javax.servlet.http.HttpServletRequest,javax.servlet.http.HttpServletResponse) 
2016:04:29 19:51:36.219 INFO  --- [main] o.s.w.s.h.SimpleUrlHandlerMapping : Mapped URL path [/webjars/**] onto handler of type [class org.springframework.web.servlet.resource.ResourceHttpRequestHandler] 
2016:04:29 19:51:36.220 INFO  --- [main] o.s.w.s.h.SimpleUrlHandlerMapping : Mapped URL path [/**] onto handler of type [class org.springframework.web.servlet.resource.ResourceHttpRequestHandler] 
2016:04:29 19:51:36.369 INFO  --- [main] o.s.w.s.h.SimpleUrlHandlerMapping : Mapped URL path [/**/favicon.ico] onto handler of type [class org.springframework.web.servlet.resource.ResourceHttpRequestHandler] 
2016:04:29 19:51:36.835 INFO  --- [main] o.s.j.e.a.AnnotationMBeanExporter : Registering beans for JMX exposure on startup 
2016:04:29 19:51:37.094 INFO  --- [main] o.s.b.c.e.t.TomcatEmbeddedServletContainer : Tomcat started on port(s): 8080 (http) 
2016:04:29 19:51:37.111 INFO  --- [main] app.App : Started App in 7.528 seconds (JVM running for 8.248) 
2016:04:29 19:51:47.410 INFO  --- [main] o.s.b.c.e.AnnotationConfigEmbeddedWebApplicationContext : Closing org.springframework.boot.context.embedded.AnnotationConfigEmbeddedWebApplicationContext@2d349d88: startup date [Fri Apr 29 19:51:31 KST 2016]; root of context hierarchy 
2016:04:29 19:51:47.423 INFO  --- [main] o.s.j.e.a.AnnotationMBeanExporter : Unregistering JMX-exposed beans on shutdown 
2016:04:29 19:52:54.613 INFO  --- [main] app.App : Starting App on SEOBI-DEV with PID 4136 (C:\Dev\workSpace_ktTR\SpringBoot\target\classes started by seobi-dev in C:\Dev\workSpace_ktTR\SpringBoot) 
2016:04:29 19:52:54.631 INFO  --- [main] app.App : No active profile set, falling back to default profiles: default 
2016:04:29 19:52:54.754 INFO  --- [main] o.s.b.c.e.AnnotationConfigEmbeddedWebApplicationContext : Refreshing org.springframework.boot.context.embedded.AnnotationConfigEmbeddedWebApplicationContext@18f62768: startup date [Fri Apr 29 19:52:54 KST 2016]; root of context hierarchy 
2016:04:29 19:52:56.589 INFO  --- [main] o.s.b.f.s.DefaultListableBeanFactory : Overriding bean definition for bean 'beanNameViewResolver' with a different definition: replacing [Root bean: class [null]; scope=; abstract=false; lazyInit=false; autowireMode=3; dependencyCheck=0; autowireCandidate=true; primary=false; factoryBeanName=org.springframework.boot.autoconfigure.web.ErrorMvcAutoConfiguration$WhitelabelErrorViewConfiguration; factoryMethodName=beanNameViewResolver; initMethodName=null; destroyMethodName=(inferred); defined in class path resource [org/springframework/boot/autoconfigure/web/ErrorMvcAutoConfiguration$WhitelabelErrorViewConfiguration.class]] with [Root bean: class [null]; scope=; abstract=false; lazyInit=false; autowireMode=3; dependencyCheck=0; autowireCandidate=true; primary=false; factoryBeanName=org.springframework.boot.autoconfigure.web.WebMvcAutoConfiguration$WebMvcAutoConfigurationAdapter; factoryMethodName=beanNameViewResolver; initMethodName=null; destroyMethodName=(inferred); defined in class path resource [org/springframework/boot/autoconfigure/web/WebMvcAutoConfiguration$WebMvcAutoConfigurationAdapter.class]] 
2016:04:29 19:52:58.137 INFO  --- [main] o.s.b.c.e.t.TomcatEmbeddedServletContainer : Tomcat initialized with port(s): 8080 (http) 
2016:04:29 19:52:58.173 INFO  --- [main] o.a.catalina.core.StandardService : Starting service Tomcat 
2016:04:29 19:52:58.177 INFO  --- [main] o.a.catalina.core.StandardEngine : Starting Servlet Engine: Apache Tomcat/8.0.32 
2016:04:29 19:52:58.452 INFO  --- [localhost-startStop-1] o.a.c.c.C.[Tomcat].[localhost].[/] : Initializing Spring embedded WebApplicationContext 
2016:04:29 19:52:58.453 INFO  --- [localhost-startStop-1] o.s.web.context.ContextLoader : Root WebApplicationContext: initialization completed in 3699 ms 
2016:04:29 19:52:59.220 INFO  --- [localhost-startStop-1] o.s.b.c.e.ServletRegistrationBean : Mapping servlet: 'dispatcherServlet' to [/] 
2016:04:29 19:52:59.227 INFO  --- [localhost-startStop-1] o.s.b.c.e.FilterRegistrationBean : Mapping filter: 'characterEncodingFilter' to: [/*] 
2016:04:29 19:52:59.228 INFO  --- [localhost-startStop-1] o.s.b.c.e.FilterRegistrationBean : Mapping filter: 'hiddenHttpMethodFilter' to: [/*] 
2016:04:29 19:52:59.229 INFO  --- [localhost-startStop-1] o.s.b.c.e.FilterRegistrationBean : Mapping filter: 'httpPutFormContentFilter' to: [/*] 
2016:04:29 19:52:59.229 INFO  --- [localhost-startStop-1] o.s.b.c.e.FilterRegistrationBean : Mapping filter: 'requestContextFilter' to: [/*] 
2016:04:29 19:52:59.716 INFO  --- [main] o.s.w.s.m.m.a.RequestMappingHandlerAdapter : Looking for @ControllerAdvice: org.springframework.boot.context.embedded.AnnotationConfigEmbeddedWebApplicationContext@18f62768: startup date [Fri Apr 29 19:52:54 KST 2016]; root of context hierarchy 
2016:04:29 19:52:59.918 INFO  --- [main] o.s.w.s.m.m.a.RequestMappingHandlerMapping : Mapped "{[/error]}" onto public org.springframework.http.ResponseEntity<java.util.Map<java.lang.String, java.lang.Object>> org.springframework.boot.autoconfigure.web.BasicErrorController.error(javax.servlet.http.HttpServletRequest) 
2016:04:29 19:52:59.933 INFO  --- [main] o.s.w.s.m.m.a.RequestMappingHandlerMapping : Mapped "{[/error],produces=[text/html]}" onto public org.springframework.web.servlet.ModelAndView org.springframework.boot.autoconfigure.web.BasicErrorController.errorHtml(javax.servlet.http.HttpServletRequest,javax.servlet.http.HttpServletResponse) 
2016:04:29 19:53:00.050 INFO  --- [main] o.s.w.s.h.SimpleUrlHandlerMapping : Mapped URL path [/webjars/**] onto handler of type [class org.springframework.web.servlet.resource.ResourceHttpRequestHandler] 
2016:04:29 19:53:00.051 INFO  --- [main] o.s.w.s.h.SimpleUrlHandlerMapping : Mapped URL path [/**] onto handler of type [class org.springframework.web.servlet.resource.ResourceHttpRequestHandler] 
2016:04:29 19:53:00.189 INFO  --- [main] o.s.w.s.h.SimpleUrlHandlerMapping : Mapped URL path [/**/favicon.ico] onto handler of type [class org.springframework.web.servlet.resource.ResourceHttpRequestHandler] 
2016:04:29 19:53:00.658 INFO  --- [main] o.s.j.e.a.AnnotationMBeanExporter : Registering beans for JMX exposure on startup 
2016:04:29 19:53:00.882 INFO  --- [main] o.s.b.c.e.t.TomcatEmbeddedServletContainer : Tomcat started on port(s): 8080 (http) 
2016:04:29 19:53:00.896 INFO  --- [main] app.App : Started App in 7.696 seconds (JVM running for 8.403) 
2016:04:29 19:53:06.881 INFO  --- [main] o.s.b.c.e.AnnotationConfigEmbeddedWebApplicationContext : Closing org.springframework.boot.context.embedded.AnnotationConfigEmbeddedWebApplicationContext@18f62768: startup date [Fri Apr 29 19:52:54 KST 2016]; root of context hierarchy 
2016:04:29 19:53:06.897 INFO  --- [main] o.s.j.e.a.AnnotationMBeanExporter : Unregistering JMX-exposed beans on shutdown 
2016:04:29 20:25:46.257 INFO  --- [main] app.App : Starting App on SEOBI-DEV with PID 11764 (C:\Dev\workSpace_ktTR\SpringBoot\target\classes started by seobi-dev in C:\Dev\workSpace_ktTR\SpringBoot) 
2016:04:29 20:25:46.269 INFO  --- [main] app.App : No active profile set, falling back to default profiles: default 
2016:04:29 20:25:46.378 INFO  --- [main] o.s.c.a.AnnotationConfigApplicationContext : Refreshing org.springframework.context.annotation.AnnotationConfigApplicationContext@1385c219: startup date [Fri Apr 29 20:25:46 KST 2016]; root of context hierarchy 
2016:04:29 20:25:48.233 INFO  --- [main] o.s.j.e.a.AnnotationMBeanExporter : Registering beans for JMX exposure on startup 
2016:04:29 20:25:48.267 INFO  --- [main] app.App : Started App in 2.946 seconds (JVM running for 3.601) 
2016:04:29 20:25:56.302 INFO  --- [main] o.s.c.a.AnnotationConfigApplicationContext : Closing org.springframework.context.annotation.AnnotationConfigApplicationContext@1385c219: startup date [Fri Apr 29 20:25:46 KST 2016]; root of context hierarchy 
2016:04:29 20:25:56.306 INFO  --- [main] o.s.j.e.a.AnnotationMBeanExporter : Unregistering JMX-exposed beans on shutdown 
