2016:04:15 17:56:10.605 INFO  --- [main] hello.SampleController : Starting SampleController on SEOBI-DEV with PID 8700 (C:\Dev\workSpace_ktTR\SpringBoot\target\classes started by seobi-dev in C:\Dev\workSpace_ktTR\SpringBoot) 
2016:04:15 17:56:10.615 INFO  --- [main] hello.SampleController : No active profile set, falling back to default profiles: default 
2016:04:15 17:56:11.124 INFO  --- [main] o.s.b.c.e.AnnotationConfigEmbeddedWebApplicationContext : Refreshing org.springframework.boot.context.embedded.AnnotationConfigEmbeddedWebApplicationContext@161c8d89: startup date [Fri Apr 15 17:56:11 KST 2016]; root of context hierarchy 
2016:04:15 17:56:13.190 INFO  --- [main] o.s.b.f.s.DefaultListableBeanFactory : Overriding bean definition for bean 'beanNameViewResolver' with a different definition: replacing [Root bean: class [null]; scope=; abstract=false; lazyInit=false; autowireMode=3; dependencyCheck=0; autowireCandidate=true; primary=false; factoryBeanName=org.springframework.boot.autoconfigure.web.ErrorMvcAutoConfiguration$WhitelabelErrorViewConfiguration; factoryMethodName=beanNameViewResolver; initMethodName=null; destroyMethodName=(inferred); defined in class path resource [org/springframework/boot/autoconfigure/web/ErrorMvcAutoConfiguration$WhitelabelErrorViewConfiguration.class]] with [Root bean: class [null]; scope=; abstract=false; lazyInit=false; autowireMode=3; dependencyCheck=0; autowireCandidate=true; primary=false; factoryBeanName=org.springframework.boot.autoconfigure.web.WebMvcAutoConfiguration$WebMvcAutoConfigurationAdapter; factoryMethodName=beanNameViewResolver; initMethodName=null; destroyMethodName=(inferred); defined in class path resource [org/springframework/boot/autoconfigure/web/WebMvcAutoConfiguration$WebMvcAutoConfigurationAdapter.class]] 
2016:04:15 17:56:15.009 INFO  --- [main] o.s.b.c.e.t.TomcatEmbeddedServletContainer : Tomcat initialized with port(s): 8080 (http) 
2016:04:15 17:56:15.038 INFO  --- [main] o.a.catalina.core.StandardService : Starting service Tomcat 
2016:04:15 17:56:15.041 INFO  --- [main] o.a.catalina.core.StandardEngine : Starting Servlet Engine: Apache Tomcat/8.0.32 
2016:04:15 17:56:15.479 INFO  --- [localhost-startStop-1] o.a.c.c.C.[Tomcat].[localhost].[/] : Initializing Spring embedded WebApplicationContext 
2016:04:15 17:56:15.480 INFO  --- [localhost-startStop-1] o.s.web.context.ContextLoader : Root WebApplicationContext: initialization completed in 4356 ms 
2016:04:15 17:56:16.405 INFO  --- [localhost-startStop-1] o.s.b.c.e.ServletRegistrationBean : Mapping servlet: 'dispatcherServlet' to [/] 
2016:04:15 17:56:16.412 INFO  --- [localhost-startStop-1] o.s.b.c.e.FilterRegistrationBean : Mapping filter: 'metricFilter' to: [/*] 
2016:04:15 17:56:16.413 INFO  --- [localhost-startStop-1] o.s.b.c.e.FilterRegistrationBean : Mapping filter: 'characterEncodingFilter' to: [/*] 
2016:04:15 17:56:16.413 INFO  --- [localhost-startStop-1] o.s.b.c.e.FilterRegistrationBean : Mapping filter: 'hiddenHttpMethodFilter' to: [/*] 
2016:04:15 17:56:16.414 INFO  --- [localhost-startStop-1] o.s.b.c.e.FilterRegistrationBean : Mapping filter: 'httpPutFormContentFilter' to: [/*] 
2016:04:15 17:56:16.414 INFO  --- [localhost-startStop-1] o.s.b.c.e.FilterRegistrationBean : Mapping filter: 'requestContextFilter' to: [/*] 
2016:04:15 17:56:16.415 INFO  --- [localhost-startStop-1] o.s.b.c.e.FilterRegistrationBean : Mapping filter: 'webRequestLoggingFilter' to: [/*] 
2016:04:15 17:56:16.421 INFO  --- [localhost-startStop-1] o.s.b.c.e.FilterRegistrationBean : Mapping filter: 'applicationContextIdFilter' to: [/*] 
2016:04:15 17:56:16.811 INFO  --- [main] o.s.w.s.m.m.a.RequestMappingHandlerAdapter : Looking for @ControllerAdvice: org.springframework.boot.context.embedded.AnnotationConfigEmbeddedWebApplicationContext@161c8d89: startup date [Fri Apr 15 17:56:11 KST 2016]; root of context hierarchy 
2016:04:15 17:56:17.017 INFO  --- [main] o.s.w.s.m.m.a.RequestMappingHandlerMapping : Mapped "{[/]}" onto java.lang.String hello.SampleController.home() 
2016:04:15 17:56:17.025 INFO  --- [main] o.s.w.s.m.m.a.RequestMappingHandlerMapping : Mapped "{[/error]}" onto public org.springframework.http.ResponseEntity<java.util.Map<java.lang.String, java.lang.Object>> org.springframework.boot.autoconfigure.web.BasicErrorController.error(javax.servlet.http.HttpServletRequest) 
2016:04:15 17:56:17.032 INFO  --- [main] o.s.w.s.m.m.a.RequestMappingHandlerMapping : Mapped "{[/error],produces=[text/html]}" onto public org.springframework.web.servlet.ModelAndView org.springframework.boot.autoconfigure.web.BasicErrorController.errorHtml(javax.servlet.http.HttpServletRequest,javax.servlet.http.HttpServletResponse) 
2016:04:15 17:56:17.161 INFO  --- [main] o.s.w.s.h.SimpleUrlHandlerMapping : Mapped URL path [/webjars/**] onto handler of type [class org.springframework.web.servlet.resource.ResourceHttpRequestHandler] 
2016:04:15 17:56:17.162 INFO  --- [main] o.s.w.s.h.SimpleUrlHandlerMapping : Mapped URL path [/**] onto handler of type [class org.springframework.web.servlet.resource.ResourceHttpRequestHandler] 
2016:04:15 17:56:17.301 INFO  --- [main] o.s.w.s.h.SimpleUrlHandlerMapping : Mapped URL path [/**/favicon.ico] onto handler of type [class org.springframework.web.servlet.resource.ResourceHttpRequestHandler] 
2016:04:15 17:56:17.489 INFO  --- [main] o.s.b.a.a.ShellProperties$SimpleAuthenticationProperties : 

Using default password for shell access: 42b01095-cf76-401a-a7d0-adaf390517e0

 
2016:04:15 17:56:20.618 INFO  --- [main] o.s.b.a.e.m.EndpointHandlerMapping : Mapped "{[/health || /health.json],produces=[application/json]}" onto public java.lang.Object org.springframework.boot.actuate.endpoint.mvc.HealthMvcEndpoint.invoke(java.security.Principal) 
2016:04:15 17:56:20.622 INFO  --- [main] o.s.b.a.e.m.EndpointHandlerMapping : Mapped "{[/env/{name:.*}],methods=[GET],produces=[application/json]}" onto public java.lang.Object org.springframework.boot.actuate.endpoint.mvc.EnvironmentMvcEndpoint.value(java.lang.String) 
2016:04:15 17:56:20.623 INFO  --- [main] o.s.b.a.e.m.EndpointHandlerMapping : Mapped "{[/env || /env.json],methods=[GET],produces=[application/json]}" onto public java.lang.Object org.springframework.boot.actuate.endpoint.mvc.EndpointMvcAdapter.invoke() 
2016:04:15 17:56:20.631 INFO  --- [main] o.s.b.a.e.m.EndpointHandlerMapping : Mapped "{[/dump || /dump.json],methods=[GET],produces=[application/json]}" onto public java.lang.Object org.springframework.boot.actuate.endpoint.mvc.EndpointMvcAdapter.invoke() 
2016:04:15 17:56:20.639 INFO  --- [main] o.s.b.a.e.m.EndpointHandlerMapping : Mapped "{[/beans || /beans.json],methods=[GET],produces=[application/json]}" onto public java.lang.Object org.springframework.boot.actuate.endpoint.mvc.EndpointMvcAdapter.invoke() 
2016:04:15 17:56:20.648 INFO  --- [main] o.s.b.a.e.m.EndpointHandlerMapping : Mapped "{[/info || /info.json],methods=[GET],produces=[application/json]}" onto public java.lang.Object org.springframework.boot.actuate.endpoint.mvc.EndpointMvcAdapter.invoke() 
2016:04:15 17:56:20.653 INFO  --- [main] o.s.b.a.e.m.EndpointHandlerMapping : Mapped "{[/autoconfig || /autoconfig.json],methods=[GET],produces=[application/json]}" onto public java.lang.Object org.springframework.boot.actuate.endpoint.mvc.EndpointMvcAdapter.invoke() 
2016:04:15 17:56:20.661 INFO  --- [main] o.s.b.a.e.m.EndpointHandlerMapping : Mapped "{[/configprops || /configprops.json],methods=[GET],produces=[application/json]}" onto public java.lang.Object org.springframework.boot.actuate.endpoint.mvc.EndpointMvcAdapter.invoke() 
2016:04:15 17:56:20.663 INFO  --- [main] o.s.b.a.e.m.EndpointHandlerMapping : Mapped "{[/trace || /trace.json],methods=[GET],produces=[application/json]}" onto public java.lang.Object org.springframework.boot.actuate.endpoint.mvc.EndpointMvcAdapter.invoke() 
2016:04:15 17:56:20.666 INFO  --- [main] o.s.b.a.e.m.EndpointHandlerMapping : Mapped "{[/metrics/{name:.*}],methods=[GET],produces=[application/json]}" onto public java.lang.Object org.springframework.boot.actuate.endpoint.mvc.MetricsMvcEndpoint.value(java.lang.String) 
2016:04:15 17:56:20.667 INFO  --- [main] o.s.b.a.e.m.EndpointHandlerMapping : Mapped "{[/metrics || /metrics.json],methods=[GET],produces=[application/json]}" onto public java.lang.Object org.springframework.boot.actuate.endpoint.mvc.EndpointMvcAdapter.invoke() 
2016:04:15 17:56:20.669 INFO  --- [main] o.s.b.a.e.m.EndpointHandlerMapping : Mapped "{[/mappings || /mappings.json],methods=[GET],produces=[application/json]}" onto public java.lang.Object org.springframework.boot.actuate.endpoint.mvc.EndpointMvcAdapter.invoke() 
2016:04:15 17:56:21.135 INFO  --- [main] o.s.j.e.a.AnnotationMBeanExporter : Registering beans for JMX exposure on startup 
2016:04:15 17:56:21.163 INFO  --- [main] o.s.c.s.DefaultLifecycleProcessor : Starting beans in phase 0 
2016:04:15 17:56:21.540 INFO  --- [main] o.s.b.c.e.t.TomcatEmbeddedServletContainer : Tomcat started on port(s): 8080 (http) 
2016:04:15 17:56:21.557 INFO  --- [main] hello.SampleController : Started SampleController in 12.345 seconds (JVM running for 13.029) 
2016:04:15 17:56:40.530 INFO  --- [http-nio-8080-exec-1] o.a.c.c.C.[Tomcat].[localhost].[/] : Initializing Spring FrameworkServlet 'dispatcherServlet' 
2016:04:15 17:56:40.538 INFO  --- [http-nio-8080-exec-1] o.s.web.servlet.DispatcherServlet : FrameworkServlet 'dispatcherServlet': initialization started 
2016:04:15 17:56:40.569 INFO  --- [http-nio-8080-exec-1] o.s.web.servlet.DispatcherServlet : FrameworkServlet 'dispatcherServlet': initialization completed in 25 ms 
